-------------------------------------------------------------------------------
Test set: com.globallogic.bootcampgl.junitTest.AppTest
-------------------------------------------------------------------------------
Tests run: 1, Failures: 1, Errors: 0, Skipped: 0, Time elapsed: 0.16 sec <<< FAILURE! - in com.globallogic.bootcampgl.junitTest.AppTest
test()  Time elapsed: 0.041 sec  <<< FAILURE!
java.lang.AssertionError: Values should be different. Actual: Test
	at com.globallogic.bootcampgl.junitTest.AppTest.test(AppTest.java:12)

