-------------------------------------------------------------------------------
Test set: ejercicioUnoPuntoTres.AssertionsTest
-------------------------------------------------------------------------------
Tests run: 1, Failures: 1, Errors: 0, Skipped: 0, Time elapsed: 0 sec <<< FAILURE! - in ejercicioUnoPuntoTres.AssertionsTest
test()  Time elapsed: 0 sec  <<< FAILURE!
java.lang.AssertionError
	at ejercicioUnoPuntoTres.AssertionsTest.test(AssertionsTest.java:12)

