-------------------------------------------------------------------------------
Test set: ejercicioUnoPuntoCuatro.LongNullTest
-------------------------------------------------------------------------------
Tests run: 1, Failures: 1, Errors: 0, Skipped: 0, Time elapsed: 0 sec <<< FAILURE! - in ejercicioUnoPuntoCuatro.LongNullTest
test()  Time elapsed: 0 sec  <<< FAILURE!
java.lang.AssertionError
	at ejercicioUnoPuntoCuatro.LongNullTest.test(LongNullTest.java:12)

